# device = 1
# clip = 5000
# description = R1
# address = 212.60.37.174
# reader_port = 
# min_rssi = -99
# port = 3322
# reader_mode = AutoSet Dense Reader
# search_mode = Dual Target
# session = 0
# frequency = Auto
# tag_volume = 4-8
# barcode_addr = 10.90.3.10
# barcode_port = 10002
# bib_filter = 3
# repeat_write = 1
# skip_special = on
# master = reader
1,000000000000000000000000,,10.08.2011 12:21:19.209,1,-25.5
2,000000000000000000000000,,10.08.2011 12:21:19.211,1,-34
3,000000000000000000000000,,10.08.2011 12:21:19.227,1,-34
4,000000000000000000000000,,10.08.2011 12:21:19.229,1,-25.5
5,000000000000000000000000,,10.08.2011 12:21:19.273,1,-25.5
6,000000000000000000000000,,10.08.2011 12:21:19.275,1,-34
7,000000000000000000000000,,10.08.2011 12:21:19.291,1,-25.5
8,000000000000000000000000,,10.08.2011 12:21:19.292,1,-34
9,000000000000000000000000,,10.08.2011 12:21:19.340,1,-25.5
10,000000000000000000000000,,10.08.2011 12:21:19.341,1,-34
11,000000000000000000000000,,10.08.2011 12:21:19.357,1,-25.5
12,000000000000000000000000,,10.08.2011 12:21:19.359,1,-34
13,000000000000000000000000,,10.08.2011 12:21:19.403,1,-34
14,000000000000000000000000,,10.08.2011 12:21:19.405,1,-25.5
15,000000000000000000000000,,10.08.2011 12:21:19.420,1,-34
16,000000000000000000000000,,10.08.2011 12:21:19.422,1,-25.5
17,000000000000000000000000,,10.08.2011 12:21:19.467,1,-25.5
18,000000000000000000000000,,10.08.2011 12:21:19.469,1,-34
19,000000000000000000000000,,10.08.2011 12:21:19.485,1,-25.5
20,000000000000000000000000,,10.08.2011 12:21:19.487,1,-34
21,000000000000000000000000,,10.08.2011 12:21:19.533,1,-25.5
22,000000000000000000000000,,10.08.2011 12:21:19.534,1,-34
23,000000000000000000000000,,10.08.2011 12:21:19.549,1,-34
24,000000000000000000000000,,10.08.2011 12:21:19.551,1,-25.5
25,000000000000000000000000,,10.08.2011 12:21:19.596,1,-34
26,000000000000000000000000,,10.08.2011 12:21:19.598,1,-25.5
27,000000000000000000000000,,10.08.2011 12:21:19.615,1,-34
28,000000000000000000000000,,10.08.2011 12:21:19.616,1,-25.5
29,000000000000000000000000,,10.08.2011 12:21:19.661,1,-34
30,000000000000000000000000,,10.08.2011 12:21:19.663,1,-25.5
31,000000000000000000000000,,10.08.2011 12:21:19.679,1,-25.5
32,000000000000000000000000,,10.08.2011 12:21:19.681,1,-34
33,000000000000000000000000,,10.08.2011 12:21:19.725,1,-34
34,000000000000000000000000,,10.08.2011 12:21:19.727,1,-25.5
35,000000000000000000000000,,10.08.2011 12:21:19.742,1,-34
36,000000000000000000000000,,10.08.2011 12:21:19.744,1,-25.5
37,000000000000000000000000,,10.08.2011 12:21:19.789,1,-34
38,000000000000000000000000,,10.08.2011 12:21:19.792,1,-25.5
39,000000000000000000000000,,10.08.2011 12:21:19.808,1,-25.5
40,000000000000000000000000,,10.08.2011 12:21:19.809,1,-34
41,000000000000000000000000,,10.08.2011 12:21:19.854,1,-34
42,000000000000000000000000,,10.08.2011 12:21:19.856,1,-25.5
43,000000000000000000000000,,10.08.2011 12:21:19.871,1,-34
44,000000000000000000000000,,10.08.2011 12:21:19.873,1,-25.5
45,000000000000000000000000,,10.08.2011 12:21:19.917,1,-25.5
46,000000000000000000000000,,10.08.2011 12:21:19.920,1,-34
47,000000000000000000000000,,10.08.2011 12:21:19.935,1,-25.5
48,000000000000000000000000,,10.08.2011 12:21:19.938,1,-34
49,000000000000000000000000,,10.08.2011 12:21:19.982,1,-25.5
50,000000000000000000000000,,10.08.2011 12:21:19.983,1,-34
51,000000000000000000000000,,10.08.2011 12:21:20.000,1,-34
52,000000000000000000000000,,10.08.2011 12:21:20.001,1,-25.5
53,000000000000000000000000,,10.08.2011 12:21:20.048,1,-25.5
54,000000000000000000000000,,10.08.2011 12:21:20.050,1,-34
55,000000000000000000000000,,10.08.2011 12:21:20.066,1,-25.5
56,000000000000000000000000,,10.08.2011 12:21:20.068,1,-34
57,000000000000000000000000,,10.08.2011 12:21:20.112,1,-34
58,000000000000000000000000,,10.08.2011 12:21:20.114,1,-25.5
59,000000000000000000000000,,10.08.2011 12:21:20.130,1,-25.5
60,000000000000000000000000,,10.08.2011 12:21:20.132,1,-34
61,000000000000000000000000,,10.08.2011 12:21:20.177,1,-34
62,000000000000000000000000,,10.08.2011 12:21:20.178,1,-25.5
63,000000000000000000000000,,10.08.2011 12:21:20.194,1,-34
64,000000000000000000000000,,10.08.2011 12:21:20.195,1,-25.5
65,000000000000000000000000,,10.08.2011 12:21:20.242,1,-25.5
66,000000000000000000000000,,10.08.2011 12:21:20.243,1,-34
67,000000000000000000000000,,10.08.2011 12:21:20.258,1,-25.5
68,000000000000000000000000,,10.08.2011 12:21:20.261,1,-34
69,000000000000000000000000,,10.08.2011 12:21:20.307,1,-34
70,000000000000000000000000,,10.08.2011 12:21:20.308,1,-25.5
71,000000000000000000000000,,10.08.2011 12:21:20.323,1,-34
72,000000000000000000000000,,10.08.2011 12:21:20.324,1,-25.5
73,000000000000000000000000,,10.08.2011 12:21:20.372,1,-34
74,000000000000000000000000,,10.08.2011 12:21:20.373,1,-25.5
75,000000000000000000000000,,10.08.2011 12:21:20.389,1,-34
76,000000000000000000000000,,10.08.2011 12:21:20.390,1,-25.5
77,000000000000000000000000,,10.08.2011 12:21:20.435,1,-34
78,000000000000000000000000,,10.08.2011 12:21:20.436,1,-25.5
79,000000000000000000000000,,10.08.2011 12:21:20.453,1,-34
80,000000000000000000000000,,10.08.2011 12:21:20.454,1,-25.5
81,000000000000000000000000,,10.08.2011 12:21:20.501,1,-25.5
82,000000000000000000000000,,10.08.2011 12:21:20.502,1,-34
83,000000000000000000000000,,10.08.2011 12:21:20.518,1,-25.5
84,000000000000000000000000,,10.08.2011 12:21:20.521,1,-34
85,000000000000000000000000,,10.08.2011 12:21:20.565,1,-34
86,000000000000000000000000,,10.08.2011 12:21:20.567,1,-25.5
87,000000000000000000000000,,10.08.2011 12:21:20.582,1,-25.5
88,000000000000000000000000,,10.08.2011 12:21:20.583,1,-34
89,000000000000000000000000,,10.08.2011 12:21:20.630,1,-34
90,000000000000000000000000,,10.08.2011 12:21:20.631,1,-25.5
91,000000000000000000000000,,10.08.2011 12:21:20.647,1,-34
92,000000000000000000000000,,10.08.2011 12:21:20.649,1,-25.5
93,000000000000000000000000,,10.08.2011 12:21:20.694,1,-25.5
94,000000000000000000000000,,10.08.2011 12:21:20.695,1,-34
95,000000000000000000000000,,10.08.2011 12:21:20.713,1,-25.5
96,000000000000000000000000,,10.08.2011 12:21:20.714,1,-34
97,000000000000000000000000,,10.08.2011 12:21:20.760,1,-25.5
98,000000000000000000000000,,10.08.2011 12:21:20.761,1,-34
99,000000000000000000000000,,10.08.2011 12:21:20.778,1,-25.5
100,000000000000000000000000,,10.08.2011 12:21:20.780,1,-34
101,000000000000000000000000,,10.08.2011 12:21:20.825,1,-25.5
102,000000000000000000000000,,10.08.2011 12:21:20.826,1,-34
103,000000000000000000000000,,10.08.2011 12:21:20.842,1,-25.5
104,000000000000000000000000,,10.08.2011 12:21:20.844,1,-34
105,000000000000000000000000,,10.08.2011 12:21:20.888,1,-25.5
106,000000000000000000000000,,10.08.2011 12:21:20.891,1,-34
107,000000000000000000000000,,10.08.2011 12:21:20.907,1,-25.5
108,000000000000000000000000,,10.08.2011 12:21:20.908,1,-34
109,000000000000000000000000,,10.08.2011 12:21:20.953,1,-25.5
110,000000000000000000000000,,10.08.2011 12:21:20.955,1,-34
111,000000000000000000000000,,10.08.2011 12:21:20.970,1,-25.5
112,000000000000000000000000,,10.08.2011 12:21:20.972,1,-34
113,000000000000000000000000,,10.08.2011 12:21:21.018,1,-34
114,000000000000000000000000,,10.08.2011 12:21:21.019,1,-25.5
115,000000000000000000000000,,10.08.2011 12:21:21.036,1,-25.5
116,000000000000000000000000,,10.08.2011 12:21:21.038,1,-34
117,000000000000000000000000,,10.08.2011 12:21:21.082,1,-34
118,000000000000000000000000,,10.08.2011 12:21:21.085,1,-25.5
119,000000000000000000000000,,10.08.2011 12:21:21.100,1,-34
120,000000000000000000000000,,10.08.2011 12:21:21.102,1,-25.5
121,000000000000000000000000,,10.08.2011 12:21:21.146,1,-25.5
122,000000000000000000000000,,10.08.2011 12:21:21.148,1,-34
123,000000000000000000000000,,10.08.2011 12:21:21.164,1,-34
124,000000000000000000000000,,10.08.2011 12:21:21.166,1,-25.5
125,000000000000000000000000,,10.08.2011 12:21:21.211,1,-25.5
126,000000000000000000000000,,10.08.2011 12:21:21.213,1,-34
127,000000000000000000000000,,10.08.2011 12:21:21.230,1,-34
128,000000000000000000000000,,10.08.2011 12:21:21.231,1,-25.5
129,000000000000000000000000,,10.08.2011 12:21:21.276,1,-25.5
130,000000000000000000000000,,10.08.2011 12:21:21.278,1,-34
131,000000000000000000000000,,10.08.2011 12:21:21.293,1,-25.5
132,000000000000000000000000,,10.08.2011 12:21:21.295,1,-34
133,000000000000000000000000,,10.08.2011 12:21:21.341,1,-34
134,000000000000000000000000,,10.08.2011 12:21:21.342,1,-25.5
135,000000000000000000000000,,10.08.2011 12:21:21.358,1,-34
136,000000000000000000000000,,10.08.2011 12:21:21.359,1,-25.5
137,000000000000000000000000,,10.08.2011 12:21:21.405,1,-25.5
138,000000000000000000000000,,10.08.2011 12:21:21.406,1,-34
139,000000000000000000000000,,10.08.2011 12:21:21.423,1,-34
140,000000000000000000000000,,10.08.2011 12:21:21.424,1,-25.5
141,000000000000000000000000,,10.08.2011 12:21:21.469,1,-34
142,000000000000000000000000,,10.08.2011 12:21:21.471,1,-25.5
143,000000000000000000000000,,10.08.2011 12:21:21.487,1,-25.5
144,000000000000000000000000,,10.08.2011 12:21:21.489,1,-34
145,000000000000000000000000,,10.08.2011 12:21:21.534,1,-25.5
146,000000000000000000000000,,10.08.2011 12:21:21.535,1,-34
147,000000000000000000000000,,10.08.2011 12:21:21.551,1,-34
148,000000000000000000000000,,10.08.2011 12:21:21.552,1,-25.5
149,000000000000000000000000,,10.08.2011 12:21:21.598,1,-34
150,000000000000000000000000,,10.08.2011 12:21:21.600,1,-25.5
151,000000000000000000000000,,10.08.2011 12:21:21.615,1,-34
152,000000000000000000000000,,10.08.2011 12:21:21.617,1,-25.5
153,000000000000000000000000,,10.08.2011 12:21:21.662,1,-25.5
154,000000000000000000000000,,10.08.2011 12:21:21.664,1,-34
155,000000000000000000000000,,10.08.2011 12:21:21.679,1,-34
156,000000000000000000000000,,10.08.2011 12:21:21.681,1,-25.5
157,000000000000000000000000,,10.08.2011 12:21:21.726,1,-34
158,000000000000000000000000,,10.08.2011 12:21:21.727,1,-25.5
159,000000000000000000000000,,10.08.2011 12:21:21.744,1,-34
160,000000000000000000000000,,10.08.2011 12:21:21.745,1,-25.5
161,000000000000000000000000,,10.08.2011 12:21:21.792,1,-34
162,000000000000000000000000,,10.08.2011 12:21:21.794,1,-25.5
163,000000000000000000000000,,10.08.2011 12:21:21.809,1,-25.5
164,000000000000000000000000,,10.08.2011 12:21:21.811,1,-34
165,000000000000000000000000,,10.08.2011 12:21:21.856,1,-25.5
166,000000000000000000000000,,10.08.2011 12:21:21.858,1,-34
167,000000000000000000000000,,10.08.2011 12:21:21.873,1,-25.5
168,000000000000000000000000,,10.08.2011 12:21:21.876,1,-34
169,000000000000000000000000,,10.08.2011 12:21:21.920,1,-34
170,000000000000000000000000,,10.08.2011 12:21:21.922,1,-25.5
171,000000000000000000000000,,10.08.2011 12:21:21.939,1,-34
172,000000000000000000000000,,10.08.2011 12:21:21.941,1,-25.5
173,000000000000000000000000,,10.08.2011 12:21:21.986,1,-25.5
174,000000000000000000000000,,10.08.2011 12:21:21.987,1,-34
175,000000000000000000000000,,10.08.2011 12:21:22.002,1,-25.5
176,000000000000000000000000,,10.08.2011 12:21:22.005,1,-34
177,000000000000000000000000,,10.08.2011 12:21:22.049,1,-25.5
178,000000000000000000000000,,10.08.2011 12:21:22.051,1,-34
179,000000000000000000000000,,10.08.2011 12:21:22.068,1,-25.5
180,000000000000000000000000,,10.08.2011 12:21:22.070,1,-34
181,000000000000000000000000,,10.08.2011 12:21:22.116,1,-34
182,000000000000000000000000,,10.08.2011 12:21:22.117,1,-25.5
183,000000000000000000000000,,10.08.2011 12:21:22.133,1,-34
184,000000000000000000000000,,10.08.2011 12:21:22.134,1,-25.5
185,000000000000000000000000,,10.08.2011 12:21:22.180,1,-34
186,000000000000000000000000,,10.08.2011 12:21:22.181,1,-25.5
187,000000000000000000000000,,10.08.2011 12:21:22.197,1,-34
188,000000000000000000000000,,10.08.2011 12:21:22.198,1,-25.5
189,000000000000000000000000,,10.08.2011 12:21:22.243,1,-34
190,000000000000000000000000,,10.08.2011 12:21:22.244,1,-25.5
191,000000000000000000000000,,10.08.2011 12:21:22.257,1,-25.5
192,000000000000000000000000,,10.08.2011 12:21:22.257,1,-34
193,000000000000000000000000,,10.08.2011 12:21:22.306,1,-25.5
194,000000000000000000000000,,10.08.2011 12:21:22.308,1,-34
195,000000000000000000000000,,10.08.2011 12:21:22.324,1,-25.5
196,000000000000000000000000,,10.08.2011 12:21:22.325,1,-34
197,000000000000000000000000,,10.08.2011 12:21:22.371,1,-25.5
198,000000000000000000000000,,10.08.2011 12:21:22.372,1,-34
199,000000000000000000000000,,10.08.2011 12:21:22.388,1,-25.5
200,000000000000000000000000,,10.08.2011 12:21:22.390,1,-34
201,000000000000000000000000,,10.08.2011 12:21:22.435,1,-25.5
202,000000000000000000000000,,10.08.2011 12:21:22.437,1,-34
203,000000000000000000000000,,10.08.2011 12:21:22.452,1,-34
204,000000000000000000000000,,10.08.2011 12:21:22.453,1,-25.5
205,000000000000000000000000,,10.08.2011 12:21:22.499,1,-25.5
206,000000000000000000000000,,10.08.2011 12:21:22.501,1,-34
207,000000000000000000000000,,10.08.2011 12:21:22.517,1,-34
208,000000000000000000000000,,10.08.2011 12:21:22.519,1,-25.5
209,000000000000000000000000,,10.08.2011 12:21:22.563,1,-34
210,000000000000000000000000,,10.08.2011 12:21:22.566,1,-25.5
211,000000000000000000000000,,10.08.2011 12:21:22.582,1,-34
212,000000000000000000000000,,10.08.2011 12:21:22.583,1,-25.5
213,000000000000000000000000,,10.08.2011 12:21:22.629,1,-34
214,000000000000000000000000,,10.08.2011 12:21:22.631,1,-25.5
215,000000000000000000000000,,10.08.2011 12:21:22.646,1,-25.5
216,000000000000000000000000,,10.08.2011 12:21:22.647,1,-34
217,000000000000000000000000,,10.08.2011 12:21:22.694,1,-34
218,000000000000000000000000,,10.08.2011 12:21:22.696,1,-25.5
219,000000000000000000000000,,10.08.2011 12:21:22.867,1,-25.5
220,000000000000000000000000,,10.08.2011 12:21:22.868,1,-34
221,000000000000000000000000,,10.08.2011 12:21:22.883,1,-34
222,000000000000000000000000,,10.08.2011 12:21:22.885,1,-25.5
223,000000000000000000000000,,10.08.2011 12:21:22.931,1,-34
224,000000000000000000000000,,10.08.2011 12:21:22.932,1,-25.5
225,000000000000000000000000,,10.08.2011 12:21:22.949,1,-34
226,000000000000000000000000,,10.08.2011 12:21:22.950,1,-25.5
227,000000000000000000000000,,10.08.2011 12:21:22.996,1,-25.5
228,000000000000000000000000,,10.08.2011 12:21:22.997,1,-34
229,000000000000000000000000,,10.08.2011 12:21:23.012,1,-25.5
230,000000000000000000000000,,10.08.2011 12:21:23.014,1,-34
231,000000000000000000000000,,10.08.2011 12:21:23.059,1,-25.5
232,000000000000000000000000,,10.08.2011 12:21:23.062,1,-34
233,000000000000000000000000,,10.08.2011 12:21:23.077,1,-25.5
234,000000000000000000000000,,10.08.2011 12:21:23.078,1,-34
235,000000000000000000000000,,10.08.2011 12:21:23.124,1,-25.5
236,000000000000000000000000,,10.08.2011 12:21:23.126,1,-34
237,000000000000000000000000,,10.08.2011 12:21:23.142,1,-25.5
238,000000000000000000000000,,10.08.2011 12:21:23.144,1,-34
239,000000000000000000000000,,10.08.2011 12:21:23.189,1,-25.5
240,000000000000000000000000,,10.08.2011 12:21:23.190,1,-34
241,000000000000000000000000,,10.08.2011 12:21:23.206,1,-34
242,000000000000000000000000,,10.08.2011 12:21:23.208,1,-25.5
243,000000000000000000000000,,10.08.2011 12:21:23.253,1,-25.5
244,000000000000000000000000,,10.08.2011 12:21:23.254,1,-34
245,000000000000000000000000,,10.08.2011 12:21:23.270,1,-25.5
246,000000000000000000000000,,10.08.2011 12:21:23.272,1,-34
247,000000000000000000000000,,10.08.2011 12:21:23.317,1,-34
248,000000000000000000000000,,10.08.2011 12:21:23.319,1,-25.5
249,000000000000000000000000,,10.08.2011 12:21:23.335,1,-25.5
250,000000000000000000000000,,10.08.2011 12:21:23.336,1,-34
251,000000000000000000000000,,10.08.2011 12:21:23.382,1,-25.5
252,000000000000000000000000,,10.08.2011 12:21:23.383,1,-34
253,000000000000000000000000,,10.08.2011 12:21:23.399,1,-25.5
254,000000000000000000000000,,10.08.2011 12:21:23.401,1,-34
255,000000000000000000000000,,10.08.2011 12:21:23.446,1,-34
256,000000000000000000000000,,10.08.2011 12:21:23.448,1,-25.5
257,000000000000000000000000,,10.08.2011 12:21:23.463,1,-34
258,000000000000000000000000,,10.08.2011 12:21:23.465,1,-25.5
259,000000000000000000000000,,10.08.2011 12:21:23.514,1,-25.5
260,000000000000000000000000,,10.08.2011 12:21:23.515,1,-34
261,000000000000000000000000,,10.08.2011 12:21:23.530,1,-34
262,000000000000000000000000,,10.08.2011 12:21:23.532,1,-25.5
263,000000000000000000000000,,10.08.2011 12:21:23.577,1,-34
264,000000000000000000000000,,10.08.2011 12:21:23.578,1,-25.5
265,000000000000000000000000,,10.08.2011 12:21:23.595,1,-34
266,000000000000000000000000,,10.08.2011 12:21:23.596,1,-25.5
267,000000000000000000000000,,10.08.2011 12:21:23.643,1,-34
268,000000000000000000000000,,10.08.2011 12:21:23.644,1,-25.5
269,000000000000000000000000,,10.08.2011 12:21:23.660,1,-34
270,000000000000000000000000,,10.08.2011 12:21:23.663,1,-25.5
271,000000000000000000000000,,10.08.2011 12:21:23.707,1,-25.5
272,000000000000000000000000,,10.08.2011 12:21:23.709,1,-34
273,000000000000000000000000,,10.08.2011 12:21:23.727,1,-25.5
274,000000000000000000000000,,10.08.2011 12:21:23.728,1,-34
275,000000000000000000000000,,10.08.2011 12:21:23.773,1,-25.5
276,000000000000000000000000,,10.08.2011 12:21:23.774,1,-34
277,000000000000000000000000,,10.08.2011 12:21:23.791,1,-25.5
278,000000000000000000000000,,10.08.2011 12:21:23.792,1,-34
279,000000000000000000000000,,10.08.2011 12:21:23.837,1,-34
280,000000000000000000000000,,10.08.2011 12:21:23.838,1,-25.5
281,000000000000000000000000,,10.08.2011 12:21:23.855,1,-25.5
282,000000000000000000000000,,10.08.2011 12:21:23.856,1,-34
283,000000000000000000000000,,10.08.2011 12:21:23.902,1,-34
284,000000000000000000000000,,10.08.2011 12:21:23.904,1,-25.5
285,000000000000000000000000,,10.08.2011 12:21:23.920,1,-34
286,000000000000000000000000,,10.08.2011 12:21:23.921,1,-25.5
287,000000000000000000000000,,10.08.2011 12:21:23.966,1,-25.5
288,000000000000000000000000,,10.08.2011 12:21:23.967,1,-34
289,000000000000000000000000,,10.08.2011 12:21:23.985,1,-25.5
290,000000000000000000000000,,10.08.2011 12:21:23.986,1,-34
291,000000000000000000000000,,10.08.2011 12:21:24.031,1,-34
292,000000000000000000000000,,10.08.2011 12:21:24.032,1,-25.5
293,000000000000000000000000,,10.08.2011 12:21:24.049,1,-25.5
294,000000000000000000000000,,10.08.2011 12:21:24.052,1,-34
295,000000000000000000000000,,10.08.2011 12:21:24.096,1,-34
296,000000000000000000000000,,10.08.2011 12:21:24.098,1,-25.5
297,000000000000000000000000,,10.08.2011 12:21:24.113,1,-25.5
298,000000000000000000000000,,10.08.2011 12:21:24.116,1,-34
299,000000000000000000000000,,10.08.2011 12:21:24.160,1,-25.5
300,000000000000000000000000,,10.08.2011 12:21:24.161,1,-34
301,000000000000000000000000,,10.08.2011 12:21:24.179,1,-25.5
302,000000000000000000000000,,10.08.2011 12:21:24.182,1,-34
303,000000000000000000000000,,10.08.2011 12:21:24.226,1,-34
304,000000000000000000000000,,10.08.2011 12:21:24.228,1,-25.5
305,000000000000000000000000,,10.08.2011 12:21:24.243,1,-25.5
306,000000000000000000000000,,10.08.2011 12:21:24.245,1,-34
307,000000000000000000000000,,10.08.2011 12:21:24.292,1,-34
308,000000000000000000000000,,10.08.2011 12:21:24.295,1,-25.5
309,000000000000000000000000,,10.08.2011 12:21:24.311,1,-34
310,000000000000000000000000,,10.08.2011 12:21:24.312,1,-25.5
311,000000000000000000000000,,10.08.2011 12:21:24.358,1,-25.5
312,000000000000000000000000,,10.08.2011 12:21:24.359,1,-34
313,000000000000000000000000,,10.08.2011 12:21:24.375,1,-34
314,000000000000000000000000,,10.08.2011 12:21:24.377,1,-25.5
315,000000000000000000000000,,10.08.2011 12:21:24.422,1,-25.5
316,000000000000000000000000,,10.08.2011 12:21:24.424,1,-34
317,000000000000000000000000,,10.08.2011 12:21:24.440,1,-25.5
318,000000000000000000000000,,10.08.2011 12:21:24.441,1,-34
319,000000000000000000000000,,10.08.2011 12:21:24.486,1,-34
320,000000000000000000000000,,10.08.2011 12:21:24.488,1,-25.5
321,000000000000000000000000,,10.08.2011 12:21:24.504,1,-25.5
322,000000000000000000000000,,10.08.2011 12:21:24.506,1,-34
323,000000000000000000000000,,10.08.2011 12:21:24.551,1,-34
324,000000000000000000000000,,10.08.2011 12:21:24.552,1,-25.5
325,000000000000000000000000,,10.08.2011 12:21:24.570,1,-34
326,000000000000000000000000,,10.08.2011 12:21:24.571,1,-25.5
327,000000000000000000000000,,10.08.2011 12:21:24.616,1,-34
328,000000000000000000000000,,10.08.2011 12:21:24.617,1,-25.5
329,000000000000000000000000,,10.08.2011 12:21:24.634,1,-25.5
330,000000000000000000000000,,10.08.2011 12:21:24.636,1,-34
331,000000000000000000000000,,10.08.2011 12:21:24.681,1,-25.5
332,000000000000000000000000,,10.08.2011 12:21:24.684,1,-34
333,000000000000000000000000,,10.08.2011 12:21:24.699,1,-25.5
334,000000000000000000000000,,10.08.2011 12:21:24.700,1,-34
335,000000000000000000000000,,10.08.2011 12:21:24.745,1,-25.5
336,000000000000000000000000,,10.08.2011 12:21:24.746,1,-34
337,000000000000000000000000,,10.08.2011 12:21:24.763,1,-34
338,000000000000000000000000,,10.08.2011 12:21:24.765,1,-25.5
339,000000000000000000000000,,10.08.2011 12:21:24.812,1,-25.5
340,000000000000000000000000,,10.08.2011 12:21:24.813,1,-34
341,000000000000000000000000,,10.08.2011 12:21:24.829,1,-34
342,000000000000000000000000,,10.08.2011 12:21:24.830,1,-25.5
343,000000000000000000000000,,10.08.2011 12:21:24.875,1,-34
344,000000000000000000000000,,10.08.2011 12:21:24.878,1,-25.5
345,000000000000000000000000,,10.08.2011 12:21:24.892,1,-25.5
346,000000000000000000000000,,10.08.2011 12:21:24.894,1,-34
347,000000000000000000000000,,10.08.2011 12:21:24.940,1,-25.5
348,000000000000000000000000,,10.08.2011 12:21:24.942,1,-34
349,000000000000000000000000,,10.08.2011 12:21:24.958,1,-34
350,000000000000000000000000,,10.08.2011 12:21:24.960,1,-25.5
351,000000000000000000000000,,10.08.2011 12:21:25.005,1,-25.5
352,000000000000000000000000,,10.08.2011 12:21:25.006,1,-34
353,000000000000000000000000,,10.08.2011 12:21:25.023,1,-34
354,000000000000000000000000,,10.08.2011 12:21:25.024,1,-25.5
355,000000000000000000000000,,10.08.2011 12:21:25.069,1,-25.5
356,000000000000000000000000,,10.08.2011 12:21:25.071,1,-34
357,000000000000000000000000,,10.08.2011 12:21:25.087,1,-25.5
358,000000000000000000000000,,10.08.2011 12:21:25.089,1,-34
359,000000000000000000000000,,10.08.2011 12:21:25.134,1,-25.5
360,000000000000000000000000,,10.08.2011 12:21:25.136,1,-34
361,000000000000000000000000,,10.08.2011 12:21:25.150,1,-25.5
362,000000000000000000000000,,10.08.2011 12:21:25.153,1,-34
363,000000000000000000000000,,10.08.2011 12:21:25.197,1,-25.5
364,000000000000000000000000,,10.08.2011 12:21:25.199,1,-34
365,000000000000000000000000,,10.08.2011 12:21:25.216,1,-25.5
366,000000000000000000000000,,10.08.2011 12:21:25.217,1,-34
367,000000000000000000000000,,10.08.2011 12:21:25.263,1,-25.5
368,000000000000000000000000,,10.08.2011 12:21:25.265,1,-34
369,000000000000000000000000,,10.08.2011 12:21:25.279,1,-25.5
370,000000000000000000000000,,10.08.2011 12:21:25.281,1,-34
371,000000000000000000000000,,10.08.2011 12:21:25.326,1,-25.5
372,000000000000000000000000,,10.08.2011 12:21:25.328,1,-34
373,000000000000000000000000,,10.08.2011 12:21:25.345,1,-25.5
374,000000000000000000000000,,10.08.2011 12:21:25.346,1,-34
375,000000000000000000000000,,10.08.2011 12:21:25.391,1,-25.5
376,000000000000000000000000,,10.08.2011 12:21:25.393,1,-34
377,000000000000000000000000,,10.08.2011 12:21:25.408,1,-25.5
378,000000000000000000000000,,10.08.2011 12:21:25.410,1,-34
379,000000000000000000000000,,10.08.2011 12:21:25.456,1,-34
380,000000000000000000000000,,10.08.2011 12:21:25.457,1,-25.5
381,000000000000000000000000,,10.08.2011 12:21:25.473,1,-34
382,000000000000000000000000,,10.08.2011 12:21:25.474,1,-25.5
383,000000000000000000000000,,10.08.2011 12:21:25.519,1,-34
384,000000000000000000000000,,10.08.2011 12:21:25.522,1,-25.5
385,000000000000000000000000,,10.08.2011 12:21:25.537,1,-25.5
386,000000000000000000000000,,10.08.2011 12:21:25.538,1,-34
387,000000000000000000000000,,10.08.2011 12:21:25.585,1,-34
388,000000000000000000000000,,10.08.2011 12:21:25.586,1,-25.5
389,000000000000000000000000,,10.08.2011 12:21:25.602,1,-25.5
390,000000000000000000000000,,10.08.2011 12:21:25.604,1,-34
391,000000000000000000000000,,10.08.2011 12:21:25.650,1,-34
392,000000000000000000000000,,10.08.2011 12:21:25.652,1,-25.5
393,000000000000000000000000,,10.08.2011 12:21:25.668,1,-25.5
394,000000000000000000000000,,10.08.2011 12:21:25.670,1,-34
395,000000000000000000000000,,10.08.2011 12:21:25.716,1,-25.5
396,000000000000000000000000,,10.08.2011 12:21:25.717,1,-34
397,000000000000000000000000,,10.08.2011 12:21:25.734,1,-34
398,000000000000000000000000,,10.08.2011 12:21:25.736,1,-25.5
399,000000000000000000000000,,10.08.2011 12:21:25.781,1,-25.5
400,000000000000000000000000,,10.08.2011 12:21:25.782,1,-34
401,000000000000000000000000,,10.08.2011 12:21:25.799,1,-34
402,000000000000000000000000,,10.08.2011 12:21:25.801,1,-25.5
403,000000000000000000000000,,10.08.2011 12:21:25.847,1,-34
404,000000000000000000000000,,10.08.2011 12:21:25.848,1,-25.5
405,000000000000000000000000,,10.08.2011 12:21:25.864,1,-25.5
406,000000000000000000000000,,10.08.2011 12:21:25.865,1,-34
407,000000000000000000000000,,10.08.2011 12:21:25.911,1,-25.5
408,000000000000000000000000,,10.08.2011 12:21:25.913,1,-34
409,000000000000000000000000,,10.08.2011 12:21:25.931,1,-25.5
410,000000000000000000000000,,10.08.2011 12:21:25.932,1,-34
411,000000000000000000000000,,10.08.2011 12:21:25.977,1,-25.5
412,000000000000000000000000,,10.08.2011 12:21:25.979,1,-34
413,000000000000000000000000,,10.08.2011 12:21:25.994,1,-25.5
414,000000000000000000000000,,10.08.2011 12:21:25.996,1,-34
415,000000000000000000000000,,10.08.2011 12:21:26.041,1,-25.5
416,000000000000000000000000,,10.08.2011 12:21:26.043,1,-34
417,000000000000000000000000,,10.08.2011 12:21:26.059,1,-25.5
418,000000000000000000000000,,10.08.2011 12:21:26.060,1,-34
419,000000000000000000000000,,10.08.2011 12:21:26.105,1,-25.5
420,000000000000000000000000,,10.08.2011 12:21:26.107,1,-34
421,000000000000000000000000,,10.08.2011 12:21:26.123,1,-34
422,000000000000000000000000,,10.08.2011 12:21:26.125,1,-25.5
423,000000000000000000000000,,10.08.2011 12:21:26.170,1,-34
424,000000000000000000000000,,10.08.2011 12:21:26.172,1,-25.5
425,000000000000000000000000,,10.08.2011 12:21:26.187,1,-25.5
426,000000000000000000000000,,10.08.2011 12:21:26.189,1,-34
427,000000000000000000000000,,10.08.2011 12:21:26.234,1,-25.5
428,000000000000000000000000,,10.08.2011 12:21:26.235,1,-34
429,000000000000000000000000,,10.08.2011 12:21:26.252,1,-25.5
430,000000000000000000000000,,10.08.2011 12:21:26.254,1,-34
431,000000000000000000000000,,10.08.2011 12:21:26.299,1,-25.5
432,000000000000000000000000,,10.08.2011 12:21:26.301,1,-34
433,000000000000000000000000,,10.08.2011 12:21:26.316,1,-25.5
434,000000000000000000000000,,10.08.2011 12:21:26.318,1,-34
435,000000000000000000000000,,10.08.2011 12:21:26.365,1,-25.5
436,000000000000000000000000,,10.08.2011 12:21:26.367,1,-34
437,000000000000000000000000,,10.08.2011 12:21:26.382,1,-25.5
438,000000000000000000000000,,10.08.2011 12:21:26.384,1,-34
439,000000000000000000000000,,10.08.2011 12:21:26.429,1,-34
440,000000000000000000000000,,10.08.2011 12:21:26.431,1,-25.5
441,000000000000000000000000,,10.08.2011 12:21:26.446,1,-34
442,000000000000000000000000,,10.08.2011 12:21:26.448,1,-25.5
443,000000000000000000000000,,10.08.2011 12:21:26.494,1,-34
444,000000000000000000000000,,10.08.2011 12:21:26.495,1,-25.5
445,000000000000000000000000,,10.08.2011 12:21:26.512,1,-25.5
446,000000000000000000000000,,10.08.2011 12:21:26.513,1,-34
447,000000000000000000000000,,10.08.2011 12:21:26.558,1,-25.5
448,000000000000000000000000,,10.08.2011 12:21:26.560,1,-34
449,000000000000000000000000,,10.08.2011 12:21:26.576,1,-25.5
450,000000000000000000000000,,10.08.2011 12:21:26.577,1,-34
451,000000000000000000000000,,10.08.2011 12:21:26.628,1,-25.5
452,000000000000000000000000,,10.08.2011 12:21:26.629,1,-34
453,000000000000000000000000,,10.08.2011 12:21:26.647,1,-34
454,000000000000000000000000,,10.08.2011 12:21:26.648,1,-25.5
455,000000000000000000000000,,10.08.2011 12:21:26.694,1,-25.5
456,000000000000000000000000,,10.08.2011 12:21:26.696,1,-34
457,000000000000000000000000,,10.08.2011 12:21:26.712,1,-25.5
458,000000000000000000000000,,10.08.2011 12:21:26.715,1,-34
459,000000000000000000000000,,10.08.2011 12:21:26.759,1,-25.5
460,000000000000000000000000,,10.08.2011 12:21:26.761,1,-34
461,000000000000000000000000,,10.08.2011 12:21:26.777,1,-25.5
462,000000000000000000000000,,10.08.2011 12:21:26.778,1,-34
463,000000000000000000000000,,10.08.2011 12:21:26.823,1,-25.5
464,000000000000000000000000,,10.08.2011 12:21:26.826,1,-34
465,000000000000000000000000,,10.08.2011 12:21:26.840,1,-34
466,000000000000000000000000,,10.08.2011 12:21:26.842,1,-25.5
467,000000000000000000000000,,10.08.2011 12:21:26.889,1,-25.5
468,000000000000000000000000,,10.08.2011 12:21:26.891,1,-34
469,000000000000000000000000,,10.08.2011 12:21:26.906,1,-25.5
470,000000000000000000000000,,10.08.2011 12:21:26.908,1,-34
471,000000000000000000000000,,10.08.2011 12:21:26.953,1,-25.5
472,000000000000000000000000,,10.08.2011 12:21:26.955,1,-34
473,000000000000000000000000,,10.08.2011 12:21:26.970,1,-25.5
474,000000000000000000000000,,10.08.2011 12:21:26.972,1,-34
475,000000000000000000000000,,10.08.2011 12:21:27.016,1,-25.5
476,000000000000000000000000,,10.08.2011 12:21:27.018,1,-34
477,000000000000000000000000,,10.08.2011 12:21:27.034,1,-34
478,000000000000000000000000,,10.08.2011 12:21:27.035,1,-25.5
479,000000000000000000000000,,10.08.2011 12:21:27.082,1,-25.5
480,000000000000000000000000,,10.08.2011 12:21:27.084,1,-34
481,000000000000000000000000,,10.08.2011 12:21:27.099,1,-34
482,000000000000000000000000,,10.08.2011 12:21:27.101,1,-25.5
483,000000000000000000000000,,10.08.2011 12:21:27.147,1,-25.5
484,000000000000000000000000,,10.08.2011 12:21:27.149,1,-34
485,000000000000000000000000,,10.08.2011 12:21:27.165,1,-25.5
486,000000000000000000000000,,10.08.2011 12:21:27.166,1,-34
487,000000000000000000000000,,10.08.2011 12:21:27.211,1,-34
488,000000000000000000000000,,10.08.2011 12:21:27.213,1,-25.5
489,000000000000000000000000,,10.08.2011 12:21:27.229,1,-34
490,000000000000000000000000,,10.08.2011 12:21:27.231,1,-25.5
491,000000000000000000000000,,10.08.2011 12:21:27.276,1,-25.5
492,000000000000000000000000,,10.08.2011 12:21:27.278,1,-34
493,000000000000000000000000,,10.08.2011 12:21:27.293,1,-34
494,000000000000000000000000,,10.08.2011 12:21:27.295,1,-25.5
495,000000000000000000000000,,10.08.2011 12:21:27.340,1,-25.5
496,000000000000000000000000,,10.08.2011 12:21:27.342,1,-34
497,000000000000000000000000,,10.08.2011 12:21:27.358,1,-25.5
498,000000000000000000000000,,10.08.2011 12:21:27.359,1,-34
499,000000000000000000000000,,10.08.2011 12:21:27.404,1,-34
500,000000000000000000000000,,10.08.2011 12:21:27.406,1,-25.5
501,000000000000000000000000,,10.08.2011 12:21:27.422,1,-34
502,000000000000000000000000,,10.08.2011 12:21:27.423,1,-25.5
503,000000000000000000000000,,10.08.2011 12:21:27.468,1,-34
504,000000000000000000000000,,10.08.2011 12:21:27.471,1,-25.5
505,000000000000000000000000,,10.08.2011 12:21:27.487,1,-34
506,000000000000000000000000,,10.08.2011 12:21:27.488,1,-25.5
507,000000000000000000000000,,10.08.2011 12:21:27.533,1,-25.5
508,000000000000000000000000,,10.08.2011 12:21:27.535,1,-34
509,000000000000000000000000,,10.08.2011 12:21:27.552,1,-34
510,000000000000000000000000,,10.08.2011 12:21:27.553,1,-25.5
511,000000000000000000000000,,10.08.2011 12:21:27.597,1,-34
512,000000000000000000000000,,10.08.2011 12:21:27.599,1,-25.5
513,000000000000000000000000,,10.08.2011 12:21:27.616,1,-34
514,000000000000000000000000,,10.08.2011 12:21:27.617,1,-25.5
515,000000000000000000000000,,10.08.2011 12:21:27.661,1,-34
516,000000000000000000000000,,10.08.2011 12:21:27.663,1,-25.5
517,000000000000000000000000,,10.08.2011 12:21:27.680,1,-25.5
518,000000000000000000000000,,10.08.2011 12:21:27.682,1,-34
519,000000000000000000000000,,10.08.2011 12:21:27.728,1,-25.5
520,000000000000000000000000,,10.08.2011 12:21:27.729,1,-34
521,000000000000000000000000,,10.08.2011 12:21:27.746,1,-25.5
522,000000000000000000000000,,10.08.2011 12:21:27.748,1,-34
523,000000000000000000000000,,10.08.2011 12:21:27.792,1,-25.5
524,000000000000000000000000,,10.08.2011 12:21:27.794,1,-34
525,000000000000000000000000,,10.08.2011 12:21:27.810,1,-25.5
526,000000000000000000000000,,10.08.2011 12:21:27.811,1,-34
527,000000000000000000000000,,10.08.2011 12:21:27.856,1,-25.5
528,000000000000000000000000,,10.08.2011 12:21:27.858,1,-34
529,000000000000000000000000,,10.08.2011 12:21:27.874,1,-25.5
530,000000000000000000000000,,10.08.2011 12:21:27.875,1,-34
531,000000000000000000000000,,10.08.2011 12:21:27.922,1,-34
532,000000000000000000000000,,10.08.2011 12:21:27.924,1,-25.5
533,000000000000000000000000,,10.08.2011 12:21:27.940,1,-25.5
534,000000000000000000000000,,10.08.2011 12:21:27.941,1,-34
535,000000000000000000000000,,10.08.2011 12:21:27.987,1,-25.5
536,000000000000000000000000,,10.08.2011 12:21:27.988,1,-34
537,000000000000000000000000,,10.08.2011 12:21:28.003,1,-25.5
538,000000000000000000000000,,10.08.2011 12:21:28.006,1,-34
539,000000000000000000000000,,10.08.2011 12:21:28.051,1,-25.5
540,000000000000000000000000,,10.08.2011 12:21:28.052,1,-34
541,000000000000000000000000,,10.08.2011 12:21:28.068,1,-25.5
542,000000000000000000000000,,10.08.2011 12:21:28.069,1,-34
543,000000000000000000000000,,10.08.2011 12:21:28.115,1,-25.5
544,000000000000000000000000,,10.08.2011 12:21:28.118,1,-34
545,000000000000000000000000,,10.08.2011 12:21:28.134,1,-25.5
546,000000000000000000000000,,10.08.2011 12:21:28.135,1,-34
547,000000000000000000000000,,10.08.2011 12:21:28.181,1,-34
548,000000000000000000000000,,10.08.2011 12:21:28.183,1,-25.5
549,000000000000000000000000,,10.08.2011 12:21:28.197,1,-25.5
550,000000000000000000000000,,10.08.2011 12:21:28.199,1,-34
551,000000000000000000000000,,10.08.2011 12:21:28.245,1,-25.5
552,000000000000000000000000,,10.08.2011 12:21:28.247,1,-34
553,000000000000000000000000,,10.08.2011 12:21:28.263,1,-34
554,000000000000000000000000,,10.08.2011 12:21:28.264,1,-25.5
555,000000000000000000000000,,10.08.2011 12:21:28.310,1,-34
556,000000000000000000000000,,10.08.2011 12:21:28.311,1,-25.5
557,000000000000000000000000,,10.08.2011 12:21:28.327,1,-25.5
558,000000000000000000000000,,10.08.2011 12:21:28.328,1,-34
559,000000000000000000000000,,10.08.2011 12:21:28.375,1,-25.5
560,000000000000000000000000,,10.08.2011 12:21:28.377,1,-34
561,000000000000000000000000,,10.08.2011 12:21:28.392,1,-34
562,000000000000000000000000,,10.08.2011 12:21:28.394,1,-25.5
563,000000000000000000000000,,10.08.2011 12:21:28.440,1,-25.5
564,000000000000000000000000,,10.08.2011 12:21:28.441,1,-34
565,000000000000000000000000,,10.08.2011 12:21:28.457,1,-25.5
566,000000000000000000000000,,10.08.2011 12:21:28.458,1,-34
567,000000000000000000000000,,10.08.2011 12:21:28.503,1,-25.5
568,000000000000000000000000,,10.08.2011 12:21:28.504,1,-34
569,000000000000000000000000,,10.08.2011 12:21:28.522,1,-25.5
570,000000000000000000000000,,10.08.2011 12:21:28.523,1,-34
571,000000000000000000000000,,10.08.2011 12:21:28.568,1,-34
572,000000000000000000000000,,10.08.2011 12:21:28.570,1,-25.5
573,000000000000000000000000,,10.08.2011 12:21:28.586,1,-34
574,000000000000000000000000,,10.08.2011 12:21:28.588,1,-25.5
575,000000000000000000000000,,10.08.2011 12:21:28.633,1,-25.5
576,000000000000000000000000,,10.08.2011 12:21:28.634,1,-34
577,000000000000000000000000,,10.08.2011 12:21:28.650,1,-34
578,000000000000000000000000,,10.08.2011 12:21:28.652,1,-25.5
579,000000000000000000000000,,10.08.2011 12:21:28.697,1,-34
580,000000000000000000000000,,10.08.2011 12:21:28.699,1,-25.5
581,000000000000000000000000,,10.08.2011 12:21:28.716,1,-25.5
582,000000000000000000000000,,10.08.2011 12:21:28.717,1,-34
583,000000000000000000000000,,10.08.2011 12:21:28.761,1,-25.5
584,000000000000000000000000,,10.08.2011 12:21:28.762,1,-34
585,000000000000000000000000,,10.08.2011 12:21:28.780,1,-25.5
586,000000000000000000000000,,10.08.2011 12:21:28.781,1,-34
587,000000000000000000000000,,10.08.2011 12:21:28.826,1,-25.5
588,000000000000000000000000,,10.08.2011 12:21:28.828,1,-34
589,000000000000000000000000,,10.08.2011 12:21:28.844,1,-25.5
590,000000000000000000000000,,10.08.2011 12:21:28.846,1,-34
591,000000000000000000000000,,10.08.2011 12:21:28.891,1,-25.5
592,000000000000000000000000,,10.08.2011 12:21:28.892,1,-34
593,000000000000000000000000,,10.08.2011 12:21:28.908,1,-25.5
594,000000000000000000000000,,10.08.2011 12:21:28.910,1,-34
595,000000000000000000000000,,10.08.2011 12:21:28.956,1,-25.5
596,000000000000000000000000,,10.08.2011 12:21:28.958,1,-34
597,000000000000000000000000,,10.08.2011 12:21:28.974,1,-25.5
598,000000000000000000000000,,10.08.2011 12:21:28.975,1,-34
599,000000000000000000000000,,10.08.2011 12:21:29.021,1,-25.5
600,000000000000000000000000,,10.08.2011 12:21:29.022,1,-34
601,000000000000000000000000,,10.08.2011 12:21:29.039,1,-25.5
602,000000000000000000000000,,10.08.2011 12:21:29.040,1,-34
603,000000000000000000000000,,10.08.2011 12:21:29.087,1,-25.5
604,000000000000000000000000,,10.08.2011 12:21:29.089,1,-34
605,000000000000000000000000,,10.08.2011 12:21:29.104,1,-25.5
606,000000000000000000000000,,10.08.2011 12:21:29.106,1,-34
607,000000000000000000000000,,10.08.2011 12:21:29.152,1,-25.5
608,000000000000000000000000,,10.08.2011 12:21:29.153,1,-34
609,000000000000000000000000,,10.08.2011 12:21:29.169,1,-25.5
610,000000000000000000000000,,10.08.2011 12:21:29.170,1,-34
611,000000000000000000000000,,10.08.2011 12:21:29.216,1,-25.5
612,000000000000000000000000,,10.08.2011 12:21:29.217,1,-34
613,000000000000000000000000,,10.08.2011 12:21:29.234,1,-34
614,000000000000000000000000,,10.08.2011 12:21:29.235,1,-25.5
615,000000000000000000000000,,10.08.2011 12:21:29.282,1,-25.5
616,000000000000000000000000,,10.08.2011 12:21:29.283,1,-34
617,000000000000000000000000,,10.08.2011 12:21:29.300,1,-25.5
618,000000000000000000000000,,10.08.2011 12:21:29.302,1,-34
619,000000000000000000000000,,10.08.2011 12:21:29.346,1,-25.5
620,000000000000000000000000,,10.08.2011 12:21:29.348,1,-34
621,000000000000000000000000,,10.08.2011 12:21:29.365,1,-25.5
622,000000000000000000000000,,10.08.2011 12:21:29.366,1,-34
623,000000000000000000000000,,10.08.2011 12:21:29.411,1,-25.5
624,000000000000000000000000,,10.08.2011 12:21:29.413,1,-34
625,000000000000000000000000,,10.08.2011 12:21:29.429,1,-25.5
626,000000000000000000000000,,10.08.2011 12:21:29.430,1,-34
627,000000000000000000000000,,10.08.2011 12:21:29.476,1,-25.5
628,000000000000000000000000,,10.08.2011 12:21:29.478,1,-34
629,000000000000000000000000,,10.08.2011 12:21:29.493,1,-25.5
630,000000000000000000000000,,10.08.2011 12:21:29.495,1,-34
631,000000000000000000000000,,10.08.2011 12:21:29.541,1,-34
632,000000000000000000000000,,10.08.2011 12:21:29.542,1,-25.5
633,000000000000000000000000,,10.08.2011 12:21:29.559,1,-25.5
634,000000000000000000000000,,10.08.2011 12:21:29.560,1,-34
635,000000000000000000000000,,10.08.2011 12:21:29.604,1,-34
636,000000000000000000000000,,10.08.2011 12:21:29.607,1,-25.5
637,000000000000000000000000,,10.08.2011 12:21:29.622,1,-34
638,000000000000000000000000,,10.08.2011 12:21:29.624,1,-25.5
639,000000000000000000000000,,10.08.2011 12:21:29.669,1,-34
640,000000000000000000000000,,10.08.2011 12:21:29.670,1,-25.5
641,000000000000000000000000,,10.08.2011 12:21:29.687,1,-34
642,000000000000000000000000,,10.08.2011 12:21:29.690,1,-25.5
643,000000000000000000000000,,10.08.2011 12:21:29.734,1,-25.5
644,000000000000000000000000,,10.08.2011 12:21:29.736,1,-34
645,000000000000000000000000,,10.08.2011 12:21:29.753,1,-34
646,000000000000000000000000,,10.08.2011 12:21:29.755,1,-25.5
647,000000000000000000000000,,10.08.2011 12:21:29.799,1,-34
648,000000000000000000000000,,10.08.2011 12:21:29.801,1,-25.5
649,000000000000000000000000,,10.08.2011 12:21:29.817,1,-25.5
650,000000000000000000000000,,10.08.2011 12:21:29.819,1,-34
651,000000000000000000000000,,10.08.2011 12:21:29.864,1,-34
652,000000000000000000000000,,10.08.2011 12:21:29.866,1,-25.5
653,000000000000000000000000,,10.08.2011 12:21:29.882,1,-25.5
654,000000000000000000000000,,10.08.2011 12:21:29.883,1,-34
655,000000000000000000000000,,10.08.2011 12:21:29.928,1,-25.5
656,000000000000000000000000,,10.08.2011 12:21:29.929,1,-34
657,000000000000000000000000,,10.08.2011 12:21:29.945,1,-25.5
658,000000000000000000000000,,10.08.2011 12:21:29.948,1,-34
659,000000000000000000000000,,10.08.2011 12:21:29.992,1,-25.5
660,000000000000000000000000,,10.08.2011 12:21:29.993,1,-34
661,000000000000000000000000,,10.08.2011 12:21:30.010,1,-25.5
662,000000000000000000000000,,10.08.2011 12:21:30.012,1,-34
663,000000000000000000000000,,10.08.2011 12:21:30.058,1,-25.5
664,000000000000000000000000,,10.08.2011 12:21:30.059,1,-34
665,000000000000000000000000,,10.08.2011 12:21:30.076,1,-25.5
666,000000000000000000000000,,10.08.2011 12:21:30.077,1,-34
667,000000000000000000000000,,10.08.2011 12:21:30.122,1,-25.5
668,000000000000000000000000,,10.08.2011 12:21:30.124,1,-34
669,000000000000000000000000,,10.08.2011 12:21:30.140,1,-34
670,000000000000000000000000,,10.08.2011 12:21:30.141,1,-25.5
671,000000000000000000000000,,10.08.2011 12:21:30.186,1,-25.5
672,000000000000000000000000,,10.08.2011 12:21:30.187,1,-34
673,000000000000000000000000,,10.08.2011 12:21:30.205,1,-34
674,000000000000000000000000,,10.08.2011 12:21:30.207,1,-25.5
675,000000000000000000000000,,10.08.2011 12:21:30.253,1,-34
676,000000000000000000000000,,10.08.2011 12:21:30.254,1,-25.5
677,000000000000000000000000,,10.08.2011 12:21:30.269,1,-34
678,000000000000000000000000,,10.08.2011 12:21:30.271,1,-25.5
679,000000000000000000000000,,10.08.2011 12:21:30.316,1,-34
680,000000000000000000000000,,10.08.2011 12:21:30.318,1,-25.5
681,000000000000000000000000,,10.08.2011 12:21:30.334,1,-25.5
682,000000000000000000000000,,10.08.2011 12:21:30.336,1,-34
683,000000000000000000000000,,10.08.2011 12:21:30.382,1,-34
684,000000000000000000000000,,10.08.2011 12:21:30.383,1,-25.5
685,000000000000000000000000,,10.08.2011 12:21:30.401,1,-34
686,000000000000000000000000,,10.08.2011 12:21:30.402,1,-25.5
687,000000000000000000000000,,10.08.2011 12:21:30.545,1,-34
688,000000000000000000000000,,10.08.2011 12:21:30.546,1,-25.5
689,000000000000000000000000,,10.08.2011 12:21:30.564,1,-34
690,000000000000000000000000,,10.08.2011 12:21:30.565,1,-25.5
691,000000000000000000000000,,10.08.2011 12:21:30.611,1,-34
692,000000000000000000000000,,10.08.2011 12:21:30.613,1,-25.5
693,000000000000000000000000,,10.08.2011 12:21:30.629,1,-25.5
694,000000000000000000000000,,10.08.2011 12:21:30.631,1,-34
695,000000000000000000000000,,10.08.2011 12:21:30.675,1,-34
696,000000000000000000000000,,10.08.2011 12:21:30.677,1,-25.5
697,000000000000000000000000,,10.08.2011 12:21:30.695,1,-34
698,000000000000000000000000,,10.08.2011 12:21:30.696,1,-25.5
699,000000000000000000000000,,10.08.2011 12:21:30.741,1,-34
700,000000000000000000000000,,10.08.2011 12:21:30.743,1,-25.5
701,000000000000000000000000,,10.08.2011 12:21:30.758,1,-34
702,000000000000000000000000,,10.08.2011 12:21:30.761,1,-25.5
703,000000000000000000000000,,10.08.2011 12:21:30.806,1,-34
704,000000000000000000000000,,10.08.2011 12:21:30.807,1,-25.5
705,000000000000000000000000,,10.08.2011 12:21:30.823,1,-25.5
706,000000000000000000000000,,10.08.2011 12:21:30.824,1,-34
707,000000000000000000000000,,10.08.2011 12:21:30.871,1,-25.5
708,000000000000000000000000,,10.08.2011 12:21:30.872,1,-34
709,000000000000000000000000,,10.08.2011 12:21:30.888,1,-34
710,000000000000000000000000,,10.08.2011 12:21:30.889,1,-25.5
711,000000000000000000000000,,10.08.2011 12:21:30.935,1,-34
712,000000000000000000000000,,10.08.2011 12:21:30.936,1,-25.5
713,000000000000000000000000,,10.08.2011 12:21:30.954,1,-25.5
714,000000000000000000000000,,10.08.2011 12:21:30.955,1,-34
715,000000000000000000000000,,10.08.2011 12:21:31.001,1,-25.5
716,000000000000000000000000,,10.08.2011 12:21:31.003,1,-34
717,000000000000000000000000,,10.08.2011 12:21:31.019,1,-34
718,000000000000000000000000,,10.08.2011 12:21:31.020,1,-25.5
719,000000000000000000000000,,10.08.2011 12:21:31.065,1,-34
720,000000000000000000000000,,10.08.2011 12:21:31.067,1,-25.5
721,000000000000000000000000,,10.08.2011 12:21:31.082,1,-25.5
722,000000000000000000000000,,10.08.2011 12:21:31.083,1,-34
723,000000000000000000000000,,10.08.2011 12:21:31.129,1,-34
724,000000000000000000000000,,10.08.2011 12:21:31.131,1,-25.5
725,000000000000000000000000,,10.08.2011 12:21:31.147,1,-34
726,000000000000000000000000,,10.08.2011 12:21:31.148,1,-25.5
727,000000000000000000000000,,10.08.2011 12:21:31.194,1,-34
728,000000000000000000000000,,10.08.2011 12:21:31.196,1,-25.5
729,000000000000000000000000,,10.08.2011 12:21:31.212,1,-34
730,000000000000000000000000,,10.08.2011 12:21:31.214,1,-25.5
731,000000000000000000000000,,10.08.2011 12:21:31.259,1,-34
732,000000000000000000000000,,10.08.2011 12:21:31.261,1,-25.5
733,000000000000000000000000,,10.08.2011 12:21:31.276,1,-34
734,000000000000000000000000,,10.08.2011 12:21:31.278,1,-25.5
735,000000000000000000000000,,10.08.2011 12:21:31.323,1,-25.5
736,000000000000000000000000,,10.08.2011 12:21:31.325,1,-34
737,000000000000000000000000,,10.08.2011 12:21:31.341,1,-34
738,000000000000000000000000,,10.08.2011 12:21:31.343,1,-25.5
739,000000000000000000000000,,10.08.2011 12:21:31.387,1,-34
740,000000000000000000000000,,10.08.2011 12:21:31.390,1,-25.5
741,000000000000000000000000,,10.08.2011 12:21:31.406,1,-25.5
742,000000000000000000000000,,10.08.2011 12:21:31.407,1,-34
743,000000000000000000000000,,10.08.2011 12:21:31.452,1,-34
744,000000000000000000000000,,10.08.2011 12:21:31.454,1,-25.5
745,000000000000000000000000,,10.08.2011 12:21:31.470,1,-25.5
746,000000000000000000000000,,10.08.2011 12:21:31.472,1,-34
747,000000000000000000000000,,10.08.2011 12:21:31.516,1,-25.5
748,000000000000000000000000,,10.08.2011 12:21:31.518,1,-34
749,000000000000000000000000,,10.08.2011 12:21:31.535,1,-34
750,000000000000000000000000,,10.08.2011 12:21:31.536,1,-25.5
751,000000000000000000000000,,10.08.2011 12:21:31.580,1,-34
752,000000000000000000000000,,10.08.2011 12:21:31.581,1,-25.5
753,000000000000000000000000,,10.08.2011 12:21:31.599,1,-34
754,000000000000000000000000,,10.08.2011 12:21:31.601,1,-25.5
755,000000000000000000000000,,10.08.2011 12:21:31.645,1,-25.5
756,000000000000000000000000,,10.08.2011 12:21:31.648,1,-34
757,000000000000000000000000,,10.08.2011 12:21:31.663,1,-34
758,000000000000000000000000,,10.08.2011 12:21:31.664,1,-25.5
759,000000000000000000000000,,10.08.2011 12:21:31.711,1,-34
760,000000000000000000000000,,10.08.2011 12:21:31.713,1,-25.5
761,000000000000000000000000,,10.08.2011 12:21:31.728,1,-34
762,000000000000000000000000,,10.08.2011 12:21:31.729,1,-25.5
763,000000000000000000000000,,10.08.2011 12:21:31.775,1,-34
764,000000000000000000000000,,10.08.2011 12:21:31.778,1,-25.5
765,000000000000000000000000,,10.08.2011 12:21:31.794,1,-25.5
766,000000000000000000000000,,10.08.2011 12:21:31.795,1,-34
767,000000000000000000000000,,10.08.2011 12:21:31.840,1,-25.5
768,000000000000000000000000,,10.08.2011 12:21:31.841,1,-34
769,000000000000000000000000,,10.08.2011 12:21:31.859,1,-25.5
770,000000000000000000000000,,10.08.2011 12:21:31.861,1,-34
771,000000000000000000000000,,10.08.2011 12:21:31.906,1,-25.5
772,000000000000000000000000,,10.08.2011 12:21:31.907,1,-34
773,000000000000000000000000,,10.08.2011 12:21:31.922,1,-25.5
774,000000000000000000000000,,10.08.2011 12:21:31.924,1,-34
775,000000000000000000000000,,10.08.2011 12:21:31.970,1,-25.5
776,000000000000000000000000,,10.08.2011 12:21:31.973,1,-34
777,000000000000000000000000,,10.08.2011 12:21:31.988,1,-25.5
778,000000000000000000000000,,10.08.2011 12:21:31.990,1,-34
779,000000000000000000000000,,10.08.2011 12:21:32.035,1,-25.5
780,000000000000000000000000,,10.08.2011 12:21:32.036,1,-34
781,000000000000000000000000,,10.08.2011 12:21:32.052,1,-34
782,000000000000000000000000,,10.08.2011 12:21:32.054,1,-25.5
783,000000000000000000000000,,10.08.2011 12:21:32.099,1,-25.5
784,000000000000000000000000,,10.08.2011 12:21:32.100,1,-34
785,000000000000000000000000,,10.08.2011 12:21:32.118,1,-25.5
786,000000000000000000000000,,10.08.2011 12:21:32.120,1,-34
787,000000000000000000000000,,10.08.2011 12:21:32.165,1,-25.5
788,000000000000000000000000,,10.08.2011 12:21:32.166,1,-34
789,000000000000000000000000,,10.08.2011 12:21:32.183,1,-25.5
790,000000000000000000000000,,10.08.2011 12:21:32.185,1,-34
791,000000000000000000000000,,10.08.2011 12:21:32.230,1,-25.5
792,000000000000000000000000,,10.08.2011 12:21:32.231,1,-34
793,000000000000000000000000,,10.08.2011 12:21:32.247,1,-25.5
794,000000000000000000000000,,10.08.2011 12:21:32.248,1,-34
795,000000000000000000000000,,10.08.2011 12:21:32.304,1,-25.5
796,000000000000000000000000,,10.08.2011 12:21:32.307,1,-34
797,000000000000000000000000,,10.08.2011 12:21:32.322,1,-25.5
798,000000000000000000000000,,10.08.2011 12:21:32.323,1,-34
799,000000000000000000000000,,10.08.2011 12:21:32.368,1,-25.5
800,000000000000000000000000,,10.08.2011 12:21:32.370,1,-34
801,000000000000000000000000,,10.08.2011 12:21:32.386,1,-25.5
802,000000000000000000000000,,10.08.2011 12:21:32.388,1,-34
803,000000000000000000000000,,10.08.2011 12:21:32.433,1,-25.5
804,000000000000000000000000,,10.08.2011 12:21:32.434,1,-34
805,000000000000000000000000,,10.08.2011 12:21:32.450,1,-34
806,000000000000000000000000,,10.08.2011 12:21:32.453,1,-25.5
807,000000000000000000000000,,10.08.2011 12:21:32.498,1,-34
808,000000000000000000000000,,10.08.2011 12:21:32.500,1,-25.5
809,000000000000000000000000,,10.08.2011 12:21:32.516,1,-25.5
810,000000000000000000000000,,10.08.2011 12:21:32.518,1,-34
811,000000000000000000000000,,10.08.2011 12:21:32.563,1,-25.5
812,000000000000000000000000,,10.08.2011 12:21:32.565,1,-34
813,000000000000000000000000,,10.08.2011 12:21:32.581,1,-25.5
814,000000000000000000000000,,10.08.2011 12:21:32.583,1,-34
815,000000000000000000000000,,10.08.2011 12:21:32.628,1,-25.5
816,000000000000000000000000,,10.08.2011 12:21:32.630,1,-34
817,000000000000000000000000,,10.08.2011 12:21:32.646,1,-25.5
818,000000000000000000000000,,10.08.2011 12:21:32.647,1,-34
819,000000000000000000000000,,10.08.2011 12:21:32.693,1,-25.5
820,000000000000000000000000,,10.08.2011 12:21:32.694,1,-34
821,000000000000000000000000,,10.08.2011 12:21:32.709,1,-25.5
822,000000000000000000000000,,10.08.2011 12:21:32.712,1,-34
823,000000000000000000000000,,10.08.2011 12:21:32.756,1,-34
824,000000000000000000000000,,10.08.2011 12:21:32.757,1,-25.5
825,000000000000000000000000,,10.08.2011 12:21:32.774,1,-25.5
826,000000000000000000000000,,10.08.2011 12:21:32.777,1,-34
827,000000000000000000000000,,10.08.2011 12:21:32.821,1,-34
828,000000000000000000000000,,10.08.2011 12:21:32.822,1,-25.5
829,000000000000000000000000,,10.08.2011 12:21:32.838,1,-34
830,000000000000000000000000,,10.08.2011 12:21:32.840,1,-25.5
831,000000000000000000000000,,10.08.2011 12:21:32.885,1,-25.5
832,000000000000000000000000,,10.08.2011 12:21:32.886,1,-34
833,000000000000000000000000,,10.08.2011 12:21:32.903,1,-34
834,000000000000000000000000,,10.08.2011 12:21:32.905,1,-25.5
835,000000000000000000000000,,10.08.2011 12:21:32.950,1,-34
836,000000000000000000000000,,10.08.2011 12:21:32.952,1,-25.5
837,000000000000000000000000,,10.08.2011 12:21:32.969,1,-34
838,000000000000000000000000,,10.08.2011 12:21:32.970,1,-25.5
839,000000000000000000000000,,10.08.2011 12:21:33.015,1,-34
840,000000000000000000000000,,10.08.2011 12:21:33.017,1,-25.5
841,000000000000000000000000,,10.08.2011 12:21:33.034,1,-34
842,000000000000000000000000,,10.08.2011 12:21:33.036,1,-25.5
843,000000000000000000000000,,10.08.2011 12:21:33.081,1,-25.5
844,000000000000000000000000,,10.08.2011 12:21:33.083,1,-34
845,000000000000000000000000,,10.08.2011 12:21:33.099,1,-34
846,000000000000000000000000,,10.08.2011 12:21:33.100,1,-25.5
847,000000000000000000000000,,10.08.2011 12:21:33.145,1,-34
848,000000000000000000000000,,10.08.2011 12:21:33.147,1,-25.5
849,000000000000000000000000,,10.08.2011 12:21:33.163,1,-25.5
850,000000000000000000000000,,10.08.2011 12:21:33.165,1,-34
851,000000000000000000000000,,10.08.2011 12:21:33.210,1,-34
852,000000000000000000000000,,10.08.2011 12:21:33.212,1,-25.5
853,000000000000000000000000,,10.08.2011 12:21:33.227,1,-25.5
854,000000000000000000000000,,10.08.2011 12:21:33.230,1,-34
855,000000000000000000000000,,10.08.2011 12:21:33.274,1,-25.5
856,000000000000000000000000,,10.08.2011 12:21:33.276,1,-34
857,000000000000000000000000,,10.08.2011 12:21:33.293,1,-34
858,000000000000000000000000,,10.08.2011 12:21:33.294,1,-25.5
859,000000000000000000000000,,10.08.2011 12:21:33.338,1,-34
860,000000000000000000000000,,10.08.2011 12:21:33.340,1,-25.5
861,000000000000000000000000,,10.08.2011 12:21:33.357,1,-34
862,000000000000000000000000,,10.08.2011 12:21:33.358,1,-25.5
863,000000000000000000000000,,10.08.2011 12:21:33.403,1,-25.5
864,000000000000000000000000,,10.08.2011 12:21:33.405,1,-34
865,000000000000000000000000,,10.08.2011 12:21:33.421,1,-25.5
866,000000000000000000000000,,10.08.2011 12:21:33.423,1,-34
867,000000000000000000000000,,10.08.2011 12:21:33.467,1,-34
868,000000000000000000000000,,10.08.2011 12:21:33.468,1,-25.5
869,000000000000000000000000,,10.08.2011 12:21:33.486,1,-25.5
870,000000000000000000000000,,10.08.2011 12:21:33.487,1,-34
871,000000000000000000000000,,10.08.2011 12:21:33.533,1,-25.5
872,000000000000000000000000,,10.08.2011 12:21:33.534,1,-34
873,000000000000000000000000,,10.08.2011 12:21:33.551,1,-25.5
874,000000000000000000000000,,10.08.2011 12:21:33.552,1,-34
875,000000000000000000000000,,10.08.2011 12:21:33.596,1,-25.5
876,000000000000000000000000,,10.08.2011 12:21:33.598,1,-34
877,000000000000000000000000,,10.08.2011 12:21:33.615,1,-25.5
878,000000000000000000000000,,10.08.2011 12:21:33.616,1,-34
879,000000000000000000000000,,10.08.2011 12:21:33.661,1,-34
880,000000000000000000000000,,10.08.2011 12:21:33.662,1,-25.5
881,000000000000000000000000,,10.08.2011 12:21:33.678,1,-34
882,000000000000000000000000,,10.08.2011 12:21:33.680,1,-25.5
883,000000000000000000000000,,10.08.2011 12:21:33.725,1,-34
884,000000000000000000000000,,10.08.2011 12:21:33.726,1,-25.5
885,000000000000000000000000,,10.08.2011 12:21:33.744,1,-25.5
886,000000000000000000000000,,10.08.2011 12:21:33.745,1,-34
887,000000000000000000000000,,10.08.2011 12:21:33.790,1,-34
888,000000000000000000000000,,10.08.2011 12:21:33.793,1,-25.5
889,000000000000000000000000,,10.08.2011 12:21:33.808,1,-34
890,000000000000000000000000,,10.08.2011 12:21:33.810,1,-25.5
891,000000000000000000000000,,10.08.2011 12:21:33.855,1,-25.5
892,000000000000000000000000,,10.08.2011 12:21:33.856,1,-34
893,000000000000000000000000,,10.08.2011 12:21:33.872,1,-25.5
894,000000000000000000000000,,10.08.2011 12:21:33.874,1,-34
