# device = 1
# clip = 5000
# description = R1
# address = 212.60.37.174
# reader_port = 
# min_rssi = -99
# port = 3322
# reader_mode = AutoSet Dense Reader
# search_mode = Dual Target
# session = 0
# frequency = Auto
# tag_volume = 4-8
# barcode_addr = 10.90.3.10
# barcode_port = 10002
# bib_filter = 3
# repeat_write = 1
# skip_special = on
# master = reader
889,000000000000000000000000,,10.08.2011 12:41:49.104,3,-22.5
890,000000000000000000000000,,10.08.2011 12:41:49.105,3,-50
891,000000000000000000000000,,10.08.2011 12:41:49.122,3,-50
892,000000000000000000000000,,10.08.2011 12:41:49.124,3,-22.5
893,000000000000000000000000,,10.08.2011 12:41:49.170,3,-49.5
894,000000000000000000000000,,10.08.2011 12:41:49.171,3,-22.5
895,000000000000000000000000,,10.08.2011 12:41:49.186,3,-22.5
896,000000000000000000000000,,10.08.2011 12:41:49.188,3,-49.5
897,000000000000000000000000,,10.08.2011 12:41:49.234,3,-22.5
898,000000000000000000000000,,10.08.2011 12:41:49.235,3,-49.5
899,000000000000000000000000,,10.08.2011 12:41:49.250,3,-49.5
900,000000000000000000000000,,10.08.2011 12:41:49.253,3,-22.5
901,000000000000000000000000,,10.08.2011 12:41:49.297,3,-49.5
902,000000000000000000000000,,10.08.2011 12:41:49.298,3,-22.5
903,000000000000000000000000,,10.08.2011 12:41:49.316,3,-22.5
904,000000000000000000000000,,10.08.2011 12:41:49.318,3,-49.5
905,000000000000000000000000,,10.08.2011 12:41:49.363,3,-22.5
906,000000000000000000000000,,10.08.2011 12:41:49.365,3,-50
907,000000000000000000000000,,10.08.2011 12:41:49.380,3,-22.5
908,000000000000000000000000,,10.08.2011 12:41:49.381,3,-50
909,000000000000000000000000,,10.08.2011 12:41:49.428,3,-50
910,000000000000000000000000,,10.08.2011 12:41:49.429,3,-22.5
911,000000000000000000000000,,10.08.2011 12:41:49.447,3,-22.5
912,000000000000000000000000,,10.08.2011 12:41:49.448,3,-49.5
913,000000000000000000000000,,10.08.2011 12:41:49.493,3,-49.5
914,000000000000000000000000,,10.08.2011 12:41:49.494,3,-22.5
915,000000000000000000000000,,10.08.2011 12:41:49.511,3,-22.5
916,000000000000000000000000,,10.08.2011 12:41:49.512,3,-49.5
917,000000000000000000000000,,10.08.2011 12:41:49.558,3,-22.5
918,000000000000000000000000,,10.08.2011 12:41:49.560,3,-50
919,000000000000000000000000,,10.08.2011 12:41:49.578,3,-22.5
920,000000000000000000000000,,10.08.2011 12:41:49.579,3,-49.5
921,000000000000000000000000,,10.08.2011 12:41:49.623,3,-22.5
922,000000000000000000000000,,10.08.2011 12:41:49.624,3,-49.5
923,000000000000000000000000,,10.08.2011 12:41:49.642,3,-22.5
924,000000000000000000000000,,10.08.2011 12:41:49.643,3,-49.5
925,000000000000000000000000,,10.08.2011 12:41:49.689,3,-50
926,000000000000000000000000,,10.08.2011 12:41:49.690,3,-22.5
927,000000000000000000000000,,10.08.2011 12:41:49.707,3,-49.5
928,000000000000000000000000,,10.08.2011 12:41:49.709,3,-22.5
929,000000000000000000000000,,10.08.2011 12:41:49.755,3,-50
930,000000000000000000000000,,10.08.2011 12:41:49.757,3,-22.5
931,000000000000000000000000,,10.08.2011 12:41:49.773,3,-50
932,000000000000000000000000,,10.08.2011 12:41:49.774,3,-22.5
933,000000000000000000000000,,10.08.2011 12:41:49.820,3,-49.5
934,000000000000000000000000,,10.08.2011 12:41:49.822,3,-22.5
935,000000000000000000000000,,10.08.2011 12:41:49.838,3,-22.5
936,000000000000000000000000,,10.08.2011 12:41:49.840,3,-50
937,000000000000000000000000,,10.08.2011 12:41:49.884,3,-50
938,000000000000000000000000,,10.08.2011 12:41:49.886,3,-22.5
939,000000000000000000000000,,10.08.2011 12:41:49.903,3,-22.5
940,000000000000000000000000,,10.08.2011 12:41:49.905,3,-50
941,000000000000000000000000,,10.08.2011 12:41:49.949,3,-22.5
942,000000000000000000000000,,10.08.2011 12:41:49.952,3,-49.5
943,000000000000000000000000,,10.08.2011 12:41:49.968,3,-22.5
944,000000000000000000000000,,10.08.2011 12:41:49.970,3,-49.5
945,000000000000000000000000,,10.08.2011 12:41:50.015,3,-22.5
946,000000000000000000000000,,10.08.2011 12:41:50.016,3,-50
947,000000000000000000000000,,10.08.2011 12:41:50.031,3,-49.5
948,000000000000000000000000,,10.08.2011 12:41:50.033,3,-22.5
949,000000000000000000000000,,10.08.2011 12:41:50.079,3,-22.5
950,000000000000000000000000,,10.08.2011 12:41:50.080,3,-49.5
951,000000000000000000000000,,10.08.2011 12:41:50.097,3,-22.5
952,000000000000000000000000,,10.08.2011 12:41:50.098,3,-50
953,000000000000000000000000,,10.08.2011 12:41:50.145,3,-50
954,000000000000000000000000,,10.08.2011 12:41:50.146,3,-22.5
955,000000000000000000000000,,10.08.2011 12:41:50.164,3,-50
956,000000000000000000000000,,10.08.2011 12:41:50.165,3,-22.5
957,000000000000000000000000,,10.08.2011 12:41:50.211,3,-22.5
958,000000000000000000000000,,10.08.2011 12:41:50.212,3,-49.5
959,000000000000000000000000,,10.08.2011 12:41:50.229,3,-22.5
960,000000000000000000000000,,10.08.2011 12:41:50.230,3,-50
961,000000000000000000000000,,10.08.2011 12:41:50.275,3,-22.5
962,000000000000000000000000,,10.08.2011 12:41:50.277,3,-49.5
963,000000000000000000000000,,10.08.2011 12:41:50.293,3,-49.5
964,000000000000000000000000,,10.08.2011 12:41:50.295,3,-22.5
965,000000000000000000000000,,10.08.2011 12:41:50.339,3,-50
966,000000000000000000000000,,10.08.2011 12:41:50.341,3,-22.5
967,000000000000000000000000,,10.08.2011 12:41:50.358,3,-22.5
968,000000000000000000000000,,10.08.2011 12:41:50.360,3,-50
969,000000000000000000000000,,10.08.2011 12:41:50.405,3,-50
970,000000000000000000000000,,10.08.2011 12:41:50.407,3,-22.5
971,000000000000000000000000,,10.08.2011 12:41:50.422,3,-50
972,000000000000000000000000,,10.08.2011 12:41:50.423,3,-22.5
973,000000000000000000000000,,10.08.2011 12:41:50.470,3,-50
974,000000000000000000000000,,10.08.2011 12:41:50.472,3,-22.5
975,000000000000000000000000,,10.08.2011 12:41:50.487,3,-22.5
976,000000000000000000000000,,10.08.2011 12:41:50.489,3,-49.5
977,000000000000000000000000,,10.08.2011 12:41:50.534,3,-22.5
978,000000000000000000000000,,10.08.2011 12:41:50.536,3,-49.5
979,000000000000000000000000,,10.08.2011 12:41:50.552,3,-50
980,000000000000000000000000,,10.08.2011 12:41:50.553,3,-22.5
981,000000000000000000000000,,10.08.2011 12:41:50.600,3,-22.5
982,000000000000000000000000,,10.08.2011 12:41:50.602,3,-50
983,000000000000000000000000,,10.08.2011 12:41:50.617,3,-22.5
984,000000000000000000000000,,10.08.2011 12:41:50.619,3,-49.5
985,000000000000000000000000,,10.08.2011 12:41:50.664,3,-22.5
986,000000000000000000000000,,10.08.2011 12:41:50.666,3,-50
987,000000000000000000000000,,10.08.2011 12:41:50.681,3,-22.5
988,000000000000000000000000,,10.08.2011 12:41:50.682,3,-50
989,000000000000000000000000,,10.08.2011 12:41:50.730,3,-22.5
990,000000000000000000000000,,10.08.2011 12:41:50.732,3,-49.5
991,000000000000000000000000,,10.08.2011 12:41:50.747,3,-49.5
992,000000000000000000000000,,10.08.2011 12:41:50.749,3,-22.5
993,000000000000000000000000,,10.08.2011 12:41:50.794,3,-22.5
994,000000000000000000000000,,10.08.2011 12:41:50.795,3,-50
995,000000000000000000000000,,10.08.2011 12:41:50.812,3,-50
996,000000000000000000000000,,10.08.2011 12:41:50.815,3,-22.5
